<?xml version="1.0" encoding="UTF-8"?>
<robot generator="Robot 7.3 (Python 3.9.13 on win32)" generated="2025-10-24T18:37:16.479999" rpa="false" schemaversion="5">
<suite id="s1" name="Unifier TC017 00 Create A Board Order" source="C:\Users\senthil.n.thangaraj\PycharmProjects\git\hcm\testsuites\Unifier_TC017_00_Create_A_Board_Order.robot">
<kw name="Before Suite for Unifier Test" owner="SetupAndTeardown" type="SETUP">
<kw name="Get Variable Value" owner="BuiltIn">
<msg time="2025-10-24T18:37:22.815624" level="INFO">${file_name} = Unifier TC017 00 Create A Board Order</msg>
<var>${file_name}</var>
<arg>${SUITE NAME}</arg>
<doc>Returns variable value or ``default`` if the variable does not exist.</doc>
<status status="PASS" start="2025-10-24T18:37:22.815624" elapsed="0.000000"/>
</kw>
<if>
<branch type="IF" condition="'${local_execution_flag}'=='True'">
<kw name="Launch Browser" owner="CommonKeywords">
<kw name="Run Keyword If" owner="BuiltIn">
<kw name="Launch Chrome" owner="CommonKeywords">
<kw name="Evaluate" owner="BuiltIn">
<msg time="2025-10-24T18:37:22.815624" level="INFO">${ChromeOptions} = &lt;selenium.webdriver.chrome.options.Options object at 0x0000016249715460&gt;</msg>
<var>${ChromeOptions}</var>
<arg>sys.modules['selenium.webdriver'].ChromeOptions()</arg>
<arg>sys, selenium.webdriver</arg>
<doc>Evaluates the given expression in Python and returns the result.</doc>
<status status="PASS" start="2025-10-24T18:37:22.815624" elapsed="0.000000"/>
</kw>
<kw name="Call Method" owner="BuiltIn">
<arg>${ChromeOptions}</arg>
<arg>add_argument</arg>
<arg>--disable-extensions</arg>
<doc>Calls the named method of the given object with the provided arguments.</doc>
<status status="PASS" start="2025-10-24T18:37:22.815624" elapsed="0.000000"/>
</kw>
<kw name="Call Method" owner="BuiltIn">
<arg>${ChromeOptions}</arg>
<arg>add_argument</arg>
<arg>--start-maximized</arg>
<doc>Calls the named method of the given object with the provided arguments.</doc>
<status status="PASS" start="2025-10-24T18:37:22.815624" elapsed="0.000000"/>
</kw>
<kw name="Call Method" owner="BuiltIn">
<arg>${ChromeOptions}</arg>
<arg>add_argument</arg>
<arg>--incognito</arg>
<doc>Calls the named method of the given object with the provided arguments.</doc>
<status status="PASS" start="2025-10-24T18:37:22.815624" elapsed="0.000000"/>
</kw>
<kw name="Call Method" owner="BuiltIn">
<arg>${ChromeOptions}</arg>
<arg>add_argument</arg>
<arg>--disable-notifications</arg>
<doc>Calls the named method of the given object with the provided arguments.</doc>
<status status="PASS" start="2025-10-24T18:37:22.815624" elapsed="0.000000"/>
</kw>
<kw name="Call Method" owner="BuiltIn">
<arg>${ChromeOptions}</arg>
<arg>add_argument</arg>
<arg>--disable-popup-blocking</arg>
<doc>Calls the named method of the given object with the provided arguments.</doc>
<status status="PASS" start="2025-10-24T18:37:22.815624" elapsed="0.000000"/>
</kw>
<kw name="Call Method" owner="BuiltIn">
<arg>${ChromeOptions}</arg>
<arg>add_argument</arg>
<arg>--ignore-certificate-errors</arg>
<doc>Calls the named method of the given object with the provided arguments.</doc>
<status status="PASS" start="2025-10-24T18:37:22.815624" elapsed="0.000000"/>
</kw>
<kw name="Call Method" owner="BuiltIn">
<arg>${ChromeOptions}</arg>
<arg>add_argument</arg>
<arg>--ignore-ssl-errors</arg>
<doc>Calls the named method of the given object with the provided arguments.</doc>
<status status="PASS" start="2025-10-24T18:37:22.815624" elapsed="0.000000"/>
</kw>
<kw name="Call Method" owner="BuiltIn">
<arg>${ChromeOptions}</arg>
<arg>add_experimental_option</arg>
<arg>useAutomationExtension</arg>
<arg>${FALSE}</arg>
<doc>Calls the named method of the given object with the provided arguments.</doc>
<status status="PASS" start="2025-10-24T18:37:22.821809" elapsed="0.000530"/>
</kw>
<kw name="Call Method" owner="BuiltIn">
<msg time="2025-10-24T18:37:22.823273" level="INFO">${Options} = {'browserName': 'chrome', 'pageLoadStrategy': &lt;PageLoadStrategy.normal: 'normal'&gt;, 'goog:chromeOptions': {'useAutomationExtension': False, 'extensions': [], 'args': ['--disable-extensions', '--start-m...</msg>
<var>${Options}</var>
<arg>${ChromeOptions}</arg>
<arg>to_capabilities</arg>
<doc>Calls the named method of the given object with the provided arguments.</doc>
<status status="PASS" start="2025-10-24T18:37:22.823273" elapsed="0.000000"/>
</kw>
<kw name="Open Browser" owner="Selenium2Library">
<msg time="2025-10-24T18:37:22.823273" level="INFO">Opening browser 'Chrome' to base url 'https://ca1.unifier.oraclecloud.com/prolinx/train'.</msg>
<arg>${URL}</arg>
<arg>Chrome</arg>
<arg>options=${ChromeOptions}</arg>
<doc>Opens a new browser instance to the optional ``url``.</doc>
<status status="PASS" start="2025-10-24T18:37:22.823273" elapsed="34.909684"/>
</kw>
<arg>${URL}</arg>
<status status="PASS" start="2025-10-24T18:37:22.815624" elapsed="34.917447"/>
</kw>
<arg>'${Browser}' == 'Chrome'</arg>
<arg>Launch Chrome</arg>
<arg>${URL}</arg>
<doc>Runs the given keyword with the given arguments, if ``condition`` is true.</doc>
<status status="PASS" start="2025-10-24T18:37:22.815624" elapsed="34.917447"/>
</kw>
<kw name="Run Keyword If" owner="BuiltIn">
<arg>'${Browser}' == 'Firefox'</arg>
<arg>Launch Firefox</arg>
<arg>${URL}</arg>
<doc>Runs the given keyword with the given arguments, if ``condition`` is true.</doc>
<status status="PASS" start="2025-10-24T18:37:57.733668" elapsed="0.000449"/>
</kw>
<arg>${Unifier_URL}</arg>
<arg>${local_execution_browser}</arg>
<status status="PASS" start="2025-10-24T18:37:22.815624" elapsed="34.918493"/>
</kw>
<status status="PASS" start="2025-10-24T18:37:22.815624" elapsed="34.918493"/>
</branch>
<status status="PASS" start="2025-10-24T18:37:22.815624" elapsed="34.918493"/>
</if>
<if>
<branch type="IF" condition="'${sauce_execution_flag}'=='True'">
<kw name="Launch HCM" owner="CommonKeywords">
<arg>${file_name}</arg>
<status status="NOT RUN" start="2025-10-24T18:37:57.735132" elapsed="0.000000"/>
</kw>
<status status="NOT RUN" start="2025-10-24T18:37:57.735132" elapsed="0.000000"/>
</branch>
<status status="PASS" start="2025-10-24T18:37:57.734117" elapsed="0.001015"/>
</if>
<kw name="Maximize Browser Window" owner="Selenium2Library">
<doc>Maximizes current browser window.</doc>
<status status="PASS" start="2025-10-24T18:37:57.735132" elapsed="0.000000"/>
</kw>
<kw name="Set Screenshot Directory" owner="Selenium2Library">
<arg>./Screenshots</arg>
<doc>Sets the directory for captured screenshots.</doc>
<status status="PASS" start="2025-10-24T18:37:57.735132" elapsed="0.000000"/>
</kw>
<kw name="Set Selenium Timeout" owner="Selenium2Library">
<arg>10s</arg>
<doc>Sets the timeout that is used by various keywords.</doc>
<status status="PASS" start="2025-10-24T18:37:57.735132" elapsed="0.011224"/>
</kw>
<status status="PASS" start="2025-10-24T18:37:22.814539" elapsed="34.931817"/>
</kw>
<test id="s1-t1" name="Scenario: Create board orders" line="22">
<kw name="Log" owner="BuiltIn">
<msg time="2025-10-24T18:37:57.746356" level="INFO">Step 1</msg>
<arg>Step 1</arg>
<doc>Logs the given message with the given level.</doc>
<status status="PASS" start="2025-10-24T18:37:57.746356" elapsed="0.000000"/>
</kw>
<kw name="Unifier Login Using" owner="UnifierLogin">
<kw name="Set Log Level" owner="BuiltIn">
<arg>NONE</arg>
<doc>Sets the log threshold to the specified level.</doc>
<status status="PASS" start="2025-10-24T18:37:57.750764" elapsed="0.000610"/>
</kw>
<kw name="Get Password" owner="Helpers">
<var>${password}</var>
<arg>${user_id}</arg>
<status status="PASS" start="2025-10-24T18:37:57.751374" elapsed="0.053005"/>
</kw>
<kw name="Set Log Level" owner="BuiltIn">
<arg>INFO</arg>
<doc>Sets the log threshold to the specified level.</doc>
<status status="PASS" start="2025-10-24T18:37:57.805368" elapsed="0.000991"/>
</kw>
<kw name="Wait Until Page Contains" owner="Selenium2Library">
<arg>Please use your Metrolinx Email Address to sign-in</arg>
<arg>300s</arg>
<arg>login Page is not displayed</arg>
<doc>Waits until ``text`` appears on the current page.</doc>
<status status="PASS" start="2025-10-24T18:37:57.806359" elapsed="19.348958"/>
</kw>
<kw name="Login" owner="CommonKeywords">
<kw name="Wait And Set Text" owner="CommonKeywords">
<kw name="Wait Until Element Is Visible" owner="Selenium2Library">
<arg>${locator}</arg>
<arg>20</arg>
<doc>Waits until the element ``locator`` is visible.</doc>
<status status="PASS" start="2025-10-24T18:38:17.161509" elapsed="0.059873"/>
</kw>
<kw name="Input Text" owner="Selenium2Library">
<msg time="2025-10-24T18:38:17.221382" level="INFO">Typing text 'V-ACC-Senthil.Thangaraj@metrolinx.com' into text field 'xpath: //input[@id='okta-signin-username']'.</msg>
<arg>${locator}</arg>
<arg>${value}</arg>
<doc>Types the given ``text`` into the text field identified by ``locator``.</doc>
<status status="PASS" start="2025-10-24T18:38:17.221382" elapsed="0.314161"/>
</kw>
<arg>${txt_userid}</arg>
<arg>${user_id}</arg>
<status status="PASS" start="2025-10-24T18:38:17.157454" elapsed="0.378089"/>
</kw>
<kw name="Set Log Level" owner="BuiltIn">
<arg>NONE</arg>
<doc>Sets the log threshold to the specified level.</doc>
<status status="PASS" start="2025-10-24T18:38:17.536093" elapsed="0.000544"/>
</kw>
<kw name="Wait And Set Text" owner="CommonKeywords">
<kw name="Wait Until Element Is Visible" owner="Selenium2Library">
<arg>${locator}</arg>
<arg>20</arg>
<doc>Waits until the element ``locator`` is visible.</doc>
<status status="PASS" start="2025-10-24T18:38:17.537658" elapsed="0.039312"/>
</kw>
<kw name="Input Text" owner="Selenium2Library">
<arg>${locator}</arg>
<arg>${value}</arg>
<doc>Types the given ``text`` into the text field identified by ``locator``.</doc>
<status status="PASS" start="2025-10-24T18:38:17.576970" elapsed="0.314097"/>
</kw>
<arg>${txt_pass}</arg>
<arg>${password}</arg>
<status status="PASS" start="2025-10-24T18:38:17.536637" elapsed="0.354430"/>
</kw>
<kw name="Set Log Level" owner="BuiltIn">
<arg>INFO</arg>
<doc>Sets the log threshold to the specified level.</doc>
<status status="PASS" start="2025-10-24T18:38:17.891067" elapsed="0.000000"/>
</kw>
<kw name="Wait And Click Element" owner="CommonKeywords">
<kw name="Wait Until Element Is Visible" owner="Selenium2Library">
<arg>${locator}</arg>
<arg>20</arg>
<doc>Waits until the element ``locator`` is visible.</doc>
<status status="PASS" start="2025-10-24T18:38:17.896105" elapsed="0.043986"/>
</kw>
<kw name="Click Element" owner="Selenium2Library">
<msg time="2025-10-24T18:38:17.940091" level="INFO">Clicking element 'xpath: //input[@value='Sign In']'.</msg>
<arg>${locator}</arg>
<doc>Click the element identified by ``locator``.</doc>
<status status="PASS" start="2025-10-24T18:38:17.940091" elapsed="0.231813"/>
</kw>
<arg>${btn_submit}</arg>
<status status="PASS" start="2025-10-24T18:38:17.891067" elapsed="0.280837"/>
</kw>
<arg>${unifier_username}</arg>
<arg>${user_id}</arg>
<arg>${unifier_password}</arg>
<arg>${password}</arg>
<arg>${unifier_sign_in}</arg>
<status status="PASS" start="2025-10-24T18:38:17.155317" elapsed="1.016587"/>
</kw>
<kw name="Log" owner="BuiltIn">
<msg time="2025-10-24T18:38:18.171904" level="INFO">User has signed in</msg>
<arg>User has signed in</arg>
<doc>Logs the given message with the given level.</doc>
<status status="PASS" start="2025-10-24T18:38:18.171904" elapsed="0.002263"/>
</kw>
<kw name="Wait Until Page Contains" owner="Selenium2Library">
<arg>Cookies on Primavera Portal</arg>
<arg>150s</arg>
<arg>Cookies Alert is not displayed</arg>
<doc>Waits until ``text`` appears on the current page.</doc>
<status status="PASS" start="2025-10-24T18:38:18.174668" elapsed="140.146933"/>
</kw>
<kw name="Click Element" owner="Selenium2Library">
<msg time="2025-10-24T18:40:38.322515" level="INFO">Clicking element 'xpath: //button[@title='Accept']'.</msg>
<arg>${got_it_alert}</arg>
<doc>Click the element identified by ``locator``.</doc>
<status status="PASS" start="2025-10-24T18:40:38.322515" elapsed="0.288940"/>
</kw>
<kw name="Log" owner="BuiltIn">
<msg time="2025-10-24T18:40:38.614229" level="INFO">User has answered to the alert</msg>
<arg>User has answered to the alert</arg>
<doc>Logs the given message with the given level.</doc>
<status status="PASS" start="2025-10-24T18:40:38.612494" elapsed="0.002464"/>
</kw>
<kw name="Sleep" owner="BuiltIn">
<msg time="2025-10-24T18:40:46.625972" level="INFO">Slept 8 seconds.</msg>
<arg>8s</arg>
<doc>Pauses the test executed for the given time.</doc>
<status status="PASS" start="2025-10-24T18:40:38.614958" elapsed="8.011543"/>
</kw>
<kw name="Catenate" owner="BuiltIn">
<msg time="2025-10-24T18:40:46.627107" level="INFO">${environment_select} = //ul/li//span[contains(text(),'Stage')]</msg>
<var>${environment_select}</var>
<arg>SEPARATOR=</arg>
<arg>//ul/li//span[contains(text(),'Stage')]</arg>
<doc>Catenates the given items together and returns the resulted string.</doc>
<status status="PASS" start="2025-10-24T18:40:46.627107" elapsed="0.000000"/>
</kw>
<kw name="Wait And Click Element" owner="CommonKeywords">
<kw name="Wait Until Element Is Visible" owner="Selenium2Library">
<arg>${locator}</arg>
<arg>20</arg>
<doc>Waits until the element ``locator`` is visible.</doc>
<status status="PASS" start="2025-10-24T18:40:46.627107" elapsed="0.124938"/>
</kw>
<kw name="Click Element" owner="Selenium2Library">
<msg time="2025-10-24T18:40:46.758120" level="INFO">Clicking element '//ul/li//span[contains(text(),'Stage')]'.</msg>
<arg>${locator}</arg>
<doc>Click the element identified by ``locator``.</doc>
<status status="PASS" start="2025-10-24T18:40:46.758120" elapsed="0.349573"/>
</kw>
<arg>${environment_select}</arg>
<status status="PASS" start="2025-10-24T18:40:46.627107" elapsed="0.481238"/>
</kw>
<kw name="Sleep" owner="BuiltIn">
<msg time="2025-10-24T18:40:55.111146" level="INFO">Slept 8 seconds.</msg>
<arg>8s</arg>
<doc>Pauses the test executed for the given time.</doc>
<status status="PASS" start="2025-10-24T18:40:47.109123" elapsed="8.002573"/>
</kw>
<kw name="Wait Until Page Contains" owner="Selenium2Library">
<arg>Primavera Unifier</arg>
<arg>150s</arg>
<arg>Primavera Unifier app is not displayed</arg>
<doc>Waits until ``text`` appears on the current page.</doc>
<status status="PASS" start="2025-10-24T18:40:55.112214" elapsed="0.041000"/>
</kw>
<kw name="Click Element" owner="Selenium2Library">
<msg time="2025-10-24T18:40:55.153214" level="INFO">Clicking element 'xpath: //img[@alt='Primavera Unifier']'.</msg>
<arg>${primavera_unifier_icon}</arg>
<doc>Click the element identified by ``locator``.</doc>
<status status="PASS" start="2025-10-24T18:40:55.153214" elapsed="1.040242"/>
</kw>
<kw name="Log" owner="BuiltIn">
<msg time="2025-10-24T18:40:56.195166" level="INFO">User has clicked the primavera Unifier application icon</msg>
<arg>User has clicked the primavera Unifier application icon</arg>
<doc>Logs the given message with the given level.</doc>
<status status="PASS" start="2025-10-24T18:40:56.194461" elapsed="0.001422"/>
</kw>
<kw name="Get Window Handles" owner="Selenium2Library">
<msg time="2025-10-24T18:40:56.245590" level="INFO">${list} = ['7DA82794926CF3429D84D279A1FDBA98', 'C63C0894E6DFCA258013A51AB2D8D261']</msg>
<var>${list}</var>
<doc>Returns all child window handles of the selected browser as a list.</doc>
<status status="PASS" start="2025-10-24T18:40:56.196410" elapsed="0.050185"/>
</kw>
<kw name="Switch Window" owner="Selenium2Library">
<arg>${list}[1]</arg>
<doc>Switches to browser window matching ``locator``.</doc>
<status status="PASS" start="2025-10-24T18:40:56.248590" elapsed="0.243961"/>
</kw>
<kw name="Sleep" owner="BuiltIn">
<msg time="2025-10-24T18:41:06.494704" level="INFO">Slept 10 seconds.</msg>
<arg>10s</arg>
<doc>Pauses the test executed for the given time.</doc>
<status status="PASS" start="2025-10-24T18:40:56.493850" elapsed="10.001556"/>
</kw>
<kw name="Wait Until Page Contains Element" owner="Selenium2Library">
<arg>${home_icon}</arg>
<arg>40s</arg>
<arg>Unifier landing page is not displayed</arg>
<doc>Waits until the element ``locator`` appears on the current page.</doc>
<status status="PASS" start="2025-10-24T18:41:06.497493" elapsed="19.942111"/>
</kw>
<kw name="Log" owner="BuiltIn">
<msg time="2025-10-24T18:41:26.439604" level="INFO">User is taken to the landing page of Unifier</msg>
<arg>User is taken to the landing page of Unifier</arg>
<doc>Logs the given message with the given level.</doc>
<status status="PASS" start="2025-10-24T18:41:26.439604" elapsed="0.000000"/>
</kw>
<arg>V-ACC-Senthil.Thangaraj@metrolinx.com</arg>
<status status="PASS" start="2025-10-24T18:37:57.746356" elapsed="208.699190"/>
</kw>
<kw name="Log" owner="BuiltIn">
<msg time="2025-10-24T18:41:26.447651" level="INFO">Step 2</msg>
<arg>Step 2</arg>
<doc>Logs the given message with the given level.</doc>
<status status="PASS" start="2025-10-24T18:41:26.447651" elapsed="0.000000"/>
</kw>
<kw name="Click on home icon in landing Page" owner="UnifierLanding">
<kw name="Capture Page Screenshot" owner="Selenium2Library">
<msg time="2025-10-24T18:41:33.391787" level="INFO" html="true">&lt;/td&gt;&lt;/tr&gt;&lt;tr&gt;&lt;td colspan="3"&gt;&lt;a href="Screenshots/selenium-screenshot-5523.png"&gt;&lt;img src="Screenshots/selenium-screenshot-5523.png" width="800px"&gt;&lt;/a&gt;</msg>
<doc>Takes a screenshot of the current page and embeds it into a log file.</doc>
<status status="PASS" start="2025-10-24T18:41:26.447651" elapsed="6.944136"/>
</kw>
<kw name="Wait Until Page Contains Element" owner="Selenium2Library">
<arg>${home_icon}</arg>
<arg>60s</arg>
<arg>Home icon is not displayed</arg>
<doc>Waits until the element ``locator`` appears on the current page.</doc>
<status status="PASS" start="2025-10-24T18:41:33.391787" elapsed="0.044091"/>
</kw>
<kw name="Click Element" owner="Selenium2Library">
<msg time="2025-10-24T18:41:33.441165" level="INFO">Clicking element 'xpath: //a[@aria-label='Home']'.</msg>
<arg>${home_icon}</arg>
<doc>Click the element identified by ``locator``.</doc>
<status status="PASS" start="2025-10-24T18:41:33.439418" elapsed="0.284215"/>
</kw>
<kw name="Sleep" owner="BuiltIn">
<msg time="2025-10-24T18:41:38.745720" level="INFO">Slept 5 seconds.</msg>
<arg>5s</arg>
<doc>Pauses the test executed for the given time.</doc>
<status status="PASS" start="2025-10-24T18:41:33.724233" elapsed="5.021487"/>
</kw>
<kw name="Capture Page Screenshot" owner="Selenium2Library">
<msg time="2025-10-24T18:41:43.487254" level="INFO" html="true">&lt;/td&gt;&lt;/tr&gt;&lt;tr&gt;&lt;td colspan="3"&gt;&lt;a href="Screenshots/selenium-screenshot-5524.png"&gt;&lt;img src="Screenshots/selenium-screenshot-5524.png" width="800px"&gt;&lt;/a&gt;</msg>
<doc>Takes a screenshot of the current page and embeds it into a log file.</doc>
<status status="PASS" start="2025-10-24T18:41:38.747511" elapsed="4.739743"/>
</kw>
<status status="PASS" start="2025-10-24T18:41:26.447651" elapsed="17.039603"/>
</kw>
<kw name="Click on Board Orders under CRE Master Log" owner="UnifierHome">
<kw name="Run Keyword And Return Status" owner="BuiltIn">
<kw name="Wait Until Page Contains Element" owner="Selenium2Library">
<arg>${board_orders_link}</arg>
<arg>60s</arg>
<arg>board orders link is not displayed</arg>
<doc>Waits until the element ``locator`` appears on the current page.</doc>
<status status="PASS" start="2025-10-24T18:41:43.487254" elapsed="0.052388"/>
</kw>
<msg time="2025-10-24T18:41:43.540750" level="INFO">${check} = True</msg>
<var>${check}</var>
<arg>Wait Until Page Contains Element</arg>
<arg>${board_orders_link}</arg>
<arg>60s</arg>
<arg>board orders link is not displayed</arg>
<doc>Runs the given keyword with given arguments and returns the status as a Boolean value.</doc>
<status status="PASS" start="2025-10-24T18:41:43.487254" elapsed="0.054020"/>
</kw>
<if>
<branch type="IF" condition="'${check}'=='False'">
<kw name="Wait Until Page Contains Element" owner="Selenium2Library">
<arg>${cre_master_log_link}</arg>
<arg>120s</arg>
<arg>CRE Master Log link is not displayed in the Unifier home page</arg>
<doc>Waits until the element ``locator`` appears on the current page.</doc>
<status status="NOT RUN" start="2025-10-24T18:41:43.543084" elapsed="0.000000"/>
</kw>
<kw name="Sleep" owner="BuiltIn">
<arg>30s</arg>
<doc>Pauses the test executed for the given time.</doc>
<status status="NOT RUN" start="2025-10-24T18:41:43.545646" elapsed="0.000000"/>
</kw>
<kw name="Click Element" owner="Selenium2Library">
<arg>${cre_master_log_link}</arg>
<doc>Click the element identified by ``locator``.</doc>
<status status="NOT RUN" start="2025-10-24T18:41:43.545646" elapsed="0.000000"/>
</kw>
<kw name="Capture Page Screenshot" owner="Selenium2Library">
<doc>Takes a screenshot of the current page and embeds it into a log file.</doc>
<status status="NOT RUN" start="2025-10-24T18:41:43.545646" elapsed="0.000000"/>
</kw>
<status status="NOT RUN" start="2025-10-24T18:41:43.541946" elapsed="0.003700"/>
</branch>
<status status="PASS" start="2025-10-24T18:41:43.541361" elapsed="0.004285"/>
</if>
<kw name="Sleep" owner="BuiltIn">
<msg time="2025-10-24T18:41:53.553321" level="INFO">Slept 10 seconds.</msg>
<arg>10s</arg>
<doc>Pauses the test executed for the given time.</doc>
<status status="PASS" start="2025-10-24T18:41:43.545646" elapsed="10.007675"/>
</kw>
<kw name="Wait Until Page Contains Element" owner="Selenium2Library">
<arg>${board_orders_link}</arg>
<arg>60s</arg>
<arg>Board orders link is not displayed</arg>
<doc>Waits until the element ``locator`` appears on the current page.</doc>
<status status="PASS" start="2025-10-24T18:41:53.556404" elapsed="0.051842"/>
</kw>
<kw name="Click Element" owner="Selenium2Library">
<msg time="2025-10-24T18:41:53.610483" level="INFO">Clicking element 'xpath: //span[text()='Board Orders']'.</msg>
<arg>${board_orders_link}</arg>
<doc>Click the element identified by ``locator``.</doc>
<status status="PASS" start="2025-10-24T18:41:53.609708" elapsed="0.263553"/>
</kw>
<status status="PASS" start="2025-10-24T18:41:43.487254" elapsed="10.386007"/>
</kw>
<kw name="Click on Create board orders button" owner="UnifierBoardOrders">
<kw name="Sleep" owner="BuiltIn">
<msg time="2025-10-24T18:42:13.893266" level="INFO">Slept 20 seconds.</msg>
<arg>20s</arg>
<doc>Pauses the test executed for the given time.</doc>
<status status="PASS" start="2025-10-24T18:41:53.881241" elapsed="20.012025"/>
</kw>
<kw name="Select Frame" owner="Selenium2Library">
<msg time="2025-10-24T18:42:13.895282" level="INFO">Selecting frame 'xpath: //iframe[@class='qaframe'][@title='Home Content']'.</msg>
<arg>${board_order_frame}</arg>
<doc>Sets frame identified by ``locator`` as the current frame.</doc>
<status status="PASS" start="2025-10-24T18:42:13.895282" elapsed="0.236162"/>
</kw>
<kw name="Sleep" owner="BuiltIn">
<msg time="2025-10-24T18:42:34.131770" level="INFO">Slept 20 seconds.</msg>
<arg>20s</arg>
<doc>Pauses the test executed for the given time.</doc>
<status status="PASS" start="2025-10-24T18:42:14.131444" elapsed="20.000885"/>
</kw>
<kw name="Wait Until Element Is Visible" owner="Selenium2Library">
<arg>${create_board_order_button}</arg>
<arg>30s</arg>
<arg>Create board orders button is not displayed</arg>
<doc>Waits until the element ``locator`` is visible.</doc>
<status status="PASS" start="2025-10-24T18:42:34.133455" elapsed="0.070453"/>
</kw>
<kw name="Click Element" owner="Selenium2Library">
<msg time="2025-10-24T18:42:34.203908" level="INFO">Clicking element 'xpath: //span[text()='Create']//preceding::oj-button[@id='new-btn-other']'.</msg>
<arg>${create_board_order_button}</arg>
<doc>Click the element identified by ``locator``.</doc>
<status status="PASS" start="2025-10-24T18:42:34.203908" elapsed="0.556821"/>
</kw>
<kw name="Sleep" owner="BuiltIn">
<msg time="2025-10-24T18:42:44.769508" level="INFO">Slept 10 seconds.</msg>
<arg>10s</arg>
<doc>Pauses the test executed for the given time.</doc>
<status status="PASS" start="2025-10-24T18:42:34.760729" elapsed="10.009397"/>
</kw>
<kw name="Wait And Click Element" owner="CommonKeywords">
<kw name="Wait Until Element Is Visible" owner="Selenium2Library">
<arg>${locator}</arg>
<arg>20</arg>
<doc>Waits until the element ``locator`` is visible.</doc>
<status status="PASS" start="2025-10-24T18:42:44.772274" elapsed="0.051207"/>
</kw>
<kw name="Click Element" owner="Selenium2Library">
<msg time="2025-10-24T18:42:44.825729" level="INFO">Clicking element 'xpath: //div[@id="createdlgbody"]'.</msg>
<arg>${locator}</arg>
<doc>Click the element identified by ``locator``.</doc>
<status status="PASS" start="2025-10-24T18:42:44.823481" elapsed="0.377488"/>
</kw>
<arg>xpath: //div[@id="createdlgbody"]</arg>
<status status="PASS" start="2025-10-24T18:42:44.770642" elapsed="0.430327"/>
</kw>
<kw name="Sleep" owner="BuiltIn">
<msg time="2025-10-24T18:43:00.215279" level="INFO">Slept 15 seconds.</msg>
<arg>15s</arg>
<doc>Pauses the test executed for the given time.</doc>
<status status="PASS" start="2025-10-24T18:42:45.200969" elapsed="15.014310"/>
</kw>
<kw name="Wait Until Element Is Visible" owner="Selenium2Library">
<arg>${select_business_process_origin_drop_down}</arg>
<arg>60s</arg>
<arg>Select business origin drop down is not displayed</arg>
<doc>Waits until the element ``locator`` is visible.</doc>
<status status="PASS" start="2025-10-24T18:43:00.216669" elapsed="0.059708"/>
</kw>
<kw name="Capture Page Screenshot" owner="Selenium2Library">
<msg time="2025-10-24T18:43:03.222788" level="INFO" html="true">&lt;/td&gt;&lt;/tr&gt;&lt;tr&gt;&lt;td colspan="3"&gt;&lt;a href="Screenshots/selenium-screenshot-5525.png"&gt;&lt;img src="Screenshots/selenium-screenshot-5525.png" width="800px"&gt;&lt;/a&gt;</msg>
<doc>Takes a screenshot of the current page and embeds it into a log file.</doc>
<status status="PASS" start="2025-10-24T18:43:00.277204" elapsed="2.945584"/>
</kw>
<kw name="Click Element" owner="Selenium2Library">
<msg time="2025-10-24T18:43:03.234048" level="INFO">Clicking element 'xpath:(//span[text()='Select Business Process Origin']/parent::b/parent::label/parent::div/parent::oj-label/following-sibling::oj-select-single)[1]'.</msg>
<arg>${select_business_process_origin_drop_down}</arg>
<doc>Click the element identified by ``locator``.</doc>
<status status="PASS" start="2025-10-24T18:43:03.231147" elapsed="0.628088"/>
</kw>
<kw name="Sleep" owner="BuiltIn">
<msg time="2025-10-24T18:43:18.875262" level="INFO">Slept 15 seconds.</msg>
<arg>15s</arg>
<doc>Pauses the test executed for the given time.</doc>
<status status="PASS" start="2025-10-24T18:43:03.861048" elapsed="15.014728"/>
</kw>
<kw name="Catenate" owner="BuiltIn">
<msg time="2025-10-24T18:43:18.880287" level="INFO">${xpath} = //span[text()='PROP-00002 : CANPA GUIDEWAY']</msg>
<var>${xpath}</var>
<arg>SEPARATOR=</arg>
<arg>//span[text()='${business_origin_drop_down_value}']</arg>
<doc>Catenates the given items together and returns the resulted string.</doc>
<status status="PASS" start="2025-10-24T18:43:18.878875" elapsed="0.001412"/>
</kw>
<kw name="Sleep" owner="BuiltIn">
<msg time="2025-10-24T18:43:21.887340" level="INFO">Slept 3 seconds.</msg>
<arg>3s</arg>
<doc>Pauses the test executed for the given time.</doc>
<status status="PASS" start="2025-10-24T18:43:18.880287" elapsed="3.007053"/>
</kw>
<kw name="Click Element" owner="Selenium2Library">
<msg time="2025-10-24T18:43:21.891414" level="INFO">Clicking element 'xpath://span[text()='PROP-00002 : CANPA GUIDEWAY']'.</msg>
<arg>xpath:${xpath}</arg>
<doc>Click the element identified by ``locator``.</doc>
<status status="PASS" start="2025-10-24T18:43:21.889564" elapsed="0.419041"/>
</kw>
<kw name="Sleep" owner="BuiltIn">
<msg time="2025-10-24T18:43:27.315222" level="INFO">Slept 5 seconds.</msg>
<arg>5s</arg>
<doc>Pauses the test executed for the given time.</doc>
<status status="PASS" start="2025-10-24T18:43:22.308605" elapsed="5.006617"/>
</kw>
<kw name="Capture Page Screenshot" owner="Selenium2Library">
<msg time="2025-10-24T18:43:29.292365" level="INFO" html="true">&lt;/td&gt;&lt;/tr&gt;&lt;tr&gt;&lt;td colspan="3"&gt;&lt;a href="Screenshots/selenium-screenshot-5526.png"&gt;&lt;img src="Screenshots/selenium-screenshot-5526.png" width="800px"&gt;&lt;/a&gt;</msg>
<doc>Takes a screenshot of the current page and embeds it into a log file.</doc>
<status status="PASS" start="2025-10-24T18:43:27.315222" elapsed="1.977143"/>
</kw>
<kw name="Click Element" owner="Selenium2Library">
<msg time="2025-10-24T18:43:29.293712" level="INFO">Clicking element 'xpath: (//span[contains(@id,'createNewRec')])[1]'.</msg>
<arg>${create_new_board_order_record_button}</arg>
<doc>Click the element identified by ``locator``.</doc>
<status status="PASS" start="2025-10-24T18:43:29.293002" elapsed="0.833913"/>
</kw>
<kw name="Unselect Frame" owner="Selenium2Library">
<doc>Sets the main frame as the current frame.</doc>
<status status="PASS" start="2025-10-24T18:43:30.128287" elapsed="0.022536"/>
</kw>
<arg>PROP-00002 : CANPA GUIDEWAY</arg>
<status status="PASS" start="2025-10-24T18:41:53.877325" elapsed="96.274667"/>
</kw>
<kw name="Switch to board order window" owner="UnifierCreateNewBoardOrders">
<kw name="Sleep" owner="BuiltIn">
<msg time="2025-10-24T18:43:35.172374" level="INFO">Slept 5 seconds.</msg>
<arg>5s</arg>
<doc>Pauses the test executed for the given time.</doc>
<status status="PASS" start="2025-10-24T18:43:30.158793" elapsed="5.013581"/>
</kw>
<kw name="Get Window Handles" owner="Selenium2Library">
<msg time="2025-10-24T18:43:35.194305" level="INFO">${list} = ['7DA82794926CF3429D84D279A1FDBA98', 'C63C0894E6DFCA258013A51AB2D8D261', '5BB313ACEB52A99EA482168FBE4292E1']</msg>
<var>${list}</var>
<doc>Returns all child window handles of the selected browser as a list.</doc>
<status status="PASS" start="2025-10-24T18:43:35.173322" elapsed="0.020983"/>
</kw>
<kw name="Switch Window" owner="Selenium2Library">
<arg>${list}[2]</arg>
<doc>Switches to browser window matching ``locator``.</doc>
<status status="PASS" start="2025-10-24T18:43:35.196440" elapsed="0.289541"/>
</kw>
<status status="PASS" start="2025-10-24T18:43:30.158017" elapsed="5.327964"/>
</kw>
<kw name="Update board order Status" owner="UnifierCreateNewBoardOrders">
<kw name="Wait Until Element Is Visible" owner="Selenium2Library">
<arg>${board_order_status_drop_down}</arg>
<arg>60s</arg>
<arg>Board order status drop down is not displayed</arg>
<doc>Waits until the element ``locator`` is visible.</doc>
<status status="PASS" start="2025-10-24T18:43:35.487692" elapsed="4.776096"/>
</kw>
<kw name="Click Element" owner="Selenium2Library">
<msg time="2025-10-24T18:43:40.265193" level="INFO">Clicking element 'xpath: (//label[text()="Status"]/parent::div/parent::oj-label/parent::div/parent::div/following-sibling::div//a)[1]'.</msg>
<arg>${board_order_status_drop_down}</arg>
<doc>Click the element identified by ``locator``.</doc>
<status status="PASS" start="2025-10-24T18:43:40.263788" elapsed="0.257979"/>
</kw>
<kw name="Catenate" owner="BuiltIn">
<msg time="2025-10-24T18:43:40.525192" level="INFO">${xpath} = //li/div[text()='Active']</msg>
<var>${xpath}</var>
<arg>SEPARATOR=</arg>
<arg>//li/div[text()='${board_order_status_value}']</arg>
<doc>Catenates the given items together and returns the resulted string.</doc>
<status status="PASS" start="2025-10-24T18:43:40.524166" elapsed="0.001026"/>
</kw>
<kw name="Click Element" owner="Selenium2Library">
<msg time="2025-10-24T18:43:40.527286" level="INFO">Clicking element 'xpath://li/div[text()='Active']'.</msg>
<arg>xpath:${xpath}</arg>
<doc>Click the element identified by ``locator``.</doc>
<status status="PASS" start="2025-10-24T18:43:40.526190" elapsed="0.248986"/>
</kw>
<kw name="Capture Page Screenshot" owner="Selenium2Library">
<msg time="2025-10-24T18:43:44.488936" level="INFO" html="true">&lt;/td&gt;&lt;/tr&gt;&lt;tr&gt;&lt;td colspan="3"&gt;&lt;a href="Screenshots/selenium-screenshot-5527.png"&gt;&lt;img src="Screenshots/selenium-screenshot-5527.png" width="800px"&gt;&lt;/a&gt;</msg>
<doc>Takes a screenshot of the current page and embeds it into a log file.</doc>
<status status="PASS" start="2025-10-24T18:43:40.777034" elapsed="3.711902"/>
</kw>
<arg>Active</arg>
<status status="PASS" start="2025-10-24T18:43:35.487403" elapsed="9.001533"/>
</kw>
<kw name="Validate board order details" owner="UnifierCreateNewBoardOrders">
<kw name="Wait Until Element Is Visible" owner="Selenium2Library">
<arg>${applicable_board_entity_input}</arg>
<arg>60s</arg>
<arg>Board order status drop down is not displayed</arg>
<doc>Waits until the element ``locator`` is visible.</doc>
<status status="PASS" start="2025-10-24T18:43:44.488936" elapsed="0.070901"/>
</kw>
<kw name="Input Text" owner="Selenium2Library">
<msg time="2025-10-24T18:43:44.559837" level="INFO">Typing text 'Entity12' into text field 'xpath: (//label[text()="Applicable Board Entity"]/parent::div/parent::oj-label/parent::div/parent::div/following-sibling::div//input)[1]'.</msg>
<arg>${applicable_board_entity_input}</arg>
<arg>${application_board_entity_value}</arg>
<doc>Types the given ``text`` into the text field identified by ``locator``.</doc>
<status status="PASS" start="2025-10-24T18:43:44.559837" elapsed="0.283250"/>
</kw>
<kw name="Input Text" owner="Selenium2Library">
<msg time="2025-10-24T18:43:44.843087" level="INFO">Typing text '89977' into text field 'xpath: (//label[text()="Board Order #"]/parent::div/parent::oj-label/parent::div/parent::div/following-sibling::div//input)[1]'.</msg>
<arg>${board_order_number_input}</arg>
<arg>${board_order_number_value}</arg>
<doc>Types the given ``text`` into the text field identified by ``locator``.</doc>
<status status="PASS" start="2025-10-24T18:43:44.843087" elapsed="0.269957"/>
</kw>
<kw name="Input Text" owner="Selenium2Library">
<msg time="2025-10-24T18:43:45.115069" level="INFO">Typing text 'Oct/22/2025' into text field 'xpath: (//label[text()="Date of Agreement"]/parent::div/parent::oj-label/parent::div/parent::div/following-sibling::div//input)[1]'.</msg>
<arg>${date_of_agreement_input}</arg>
<arg>${date_of_agreement_value}</arg>
<doc>Types the given ``text`` into the text field identified by ``locator``.</doc>
<status status="PASS" start="2025-10-24T18:43:45.113044" elapsed="0.306859"/>
</kw>
<kw name="Input Text" owner="Selenium2Library">
<msg time="2025-10-24T18:43:45.424632" level="INFO">Typing text '889899' into text field 'xpath: (//label[text()="Board Order File # (if appl.)"]/parent::div/parent::oj-label/parent::div/parent::div/following-sibling::div//input)[1]'.</msg>
<arg>${board_order_file_number_input}</arg>
<arg>${board_order_file_number_value}</arg>
<doc>Types the given ``text`` into the text field identified by ``locator``.</doc>
<status status="PASS" start="2025-10-24T18:43:45.423609" elapsed="0.303848"/>
</kw>
<kw name="Input Text" owner="Selenium2Library">
<msg time="2025-10-24T18:43:45.729024" level="INFO">Typing text 'Payment structure comments' into text field 'xpath: (//label[text()="Comments on Payment Structure (if appl.)"]/parent::div/parent::oj-label/parent::div/parent::div/following-sibling::div//textarea)[1]'.</msg>
<arg>${comments_on_payment_structure_input}</arg>
<arg>${comments_on_payment_structure_value}</arg>
<doc>Types the given ``text`` into the text field identified by ``locator``.</doc>
<status status="PASS" start="2025-10-24T18:43:45.729024" elapsed="0.546732"/>
</kw>
<kw name="Capture Page Screenshot" owner="Selenium2Library">
<msg time="2025-10-24T18:43:50.070473" level="WARN">Keyword 'Capture Page Screenshot' could not be run on failure: Message: no such window: target window already closed
from unknown error: web view not found
  (Session info: chrome=141.0.7390.122)
Stacktrace:
	GetHandleVerifier [0x0x7ff6e47d9f25+80677]
	GetHandleVerifier [0x0x7ff6e47d9f80+80768]
	(No symbol) [0x0x7ff6e45802bf]
	(No symbol) [0x0x7ff6e4558041]
	(No symbol) [0x0x7ff6e4608b8e]
	(No symbol) [0x0x7ff6e46292d2]
	(No symbol) [0x0x7ff6e46012e3]
	(No symbol) [0x0x7ff6e45c9770]
	(No symbol) [0x0x7ff6e45ca5a3]
	GetHandleVerifier [0x0x7ff6e4ab817d+3087741]
	GetHandleVerifier [0x0x7ff6e4ab223a+3063354]
	GetHandleVerifier [0x0x7ff6e4ad32c5+3198661]
	GetHandleVerifier [0x0x7ff6e47f412e+187694]
	GetHandleVerifier [0x0x7ff6e47fb20f+216591]
	GetHandleVerifier [0x0x7ff6e47e2ee4+117476]
	GetHandleVerifier [0x0x7ff6e47e309f+117919]
	GetHandleVerifier [0x0x7ff6e47c91a8+11688]
	BaseThreadInitThunk [0x0x7ffb169d259d+29]
	RtlUserThreadStart [0x0x7ffb189eaf78+40]
</msg>
<msg time="2025-10-24T18:43:50.070473" level="FAIL">AttributeError: 'NoneType' object has no attribute 'encode'</msg>
<doc>Takes a screenshot of the current page and embeds it into a log file.</doc>
<status status="FAIL" start="2025-10-24T18:43:46.275756" elapsed="3.990111">AttributeError: 'NoneType' object has no attribute 'encode'</status>
</kw>
<arg>Entity12</arg>
<arg>89977</arg>
<arg>Oct/22/2025</arg>
<arg>889899</arg>
<arg>Payment structure comments</arg>
<status status="FAIL" start="2025-10-24T18:43:44.488936" elapsed="5.776931">AttributeError: 'NoneType' object has no attribute 'encode'</status>
</kw>
<kw name="Validate board order parties information details" owner="UnifierCreateNewBoardOrders">
<arg>party 1</arg>
<arg>party 2</arg>
<arg>party 3</arg>
<arg>party 4</arg>
<status status="NOT RUN" start="2025-10-24T18:43:50.266858" elapsed="0.001017"/>
</kw>
<kw name="Validate Location Information block" owner="UnifierCreateNewBoardOrders">
<arg>location description</arg>
<arg>5000</arg>
<arg>7000</arg>
<arg>WESTON</arg>
<status status="NOT RUN" start="2025-10-24T18:43:50.267875" elapsed="0.000979"/>
</kw>
<kw name="Validate board order requirements" owner="UnifierCreateNewBoardOrders">
<arg>CONTR-01430</arg>
<arg>board order requirement text</arg>
<status status="NOT RUN" start="2025-10-24T18:43:50.268854" elapsed="0.001007"/>
</kw>
<kw name="Submit the board order" owner="UnifierCreateNewBoardOrders">
<status status="NOT RUN" start="2025-10-24T18:43:50.269861" elapsed="0.000999"/>
</kw>
<kw name="Sleep" owner="BuiltIn">
<arg>5s</arg>
<doc>Pauses the test executed for the given time.</doc>
<status status="NOT RUN" start="2025-10-24T18:43:50.270860" elapsed="0.000000"/>
</kw>
<kw name="Page Should Not Contain" owner="Selenium2Library">
<arg>Errors and Warnings</arg>
<doc>Verifies the current page does not contain ``text``.</doc>
<status status="NOT RUN" start="2025-10-24T18:43:50.272012" elapsed="0.000000"/>
</kw>
<kw name="After Test" owner="SetupAndTeardown" type="TEARDOWN">
<if>
<branch type="IF" condition="'${local_execution_flag}'=='True'">
<kw name="Run Keyword If Test Failed" owner="BuiltIn">
<kw name="Capture Page Screenshot" owner="Selenium2Library">
<msg time="2025-10-24T18:43:54.529481" level="WARN">Keyword 'Capture Page Screenshot' could not be run on failure: Message: no such window: target window already closed
from unknown error: web view not found
  (Session info: chrome=141.0.7390.122)
Stacktrace:
	GetHandleVerifier [0x0x7ff6e47d9f25+80677]
	GetHandleVerifier [0x0x7ff6e47d9f80+80768]
	(No symbol) [0x0x7ff6e45802bf]
	(No symbol) [0x0x7ff6e4558041]
	(No symbol) [0x0x7ff6e4608b8e]
	(No symbol) [0x0x7ff6e46292d2]
	(No symbol) [0x0x7ff6e46012e3]
	(No symbol) [0x0x7ff6e45c9770]
	(No symbol) [0x0x7ff6e45ca5a3]
	GetHandleVerifier [0x0x7ff6e4ab817d+3087741]
	GetHandleVerifier [0x0x7ff6e4ab223a+3063354]
	GetHandleVerifier [0x0x7ff6e4ad32c5+3198661]
	GetHandleVerifier [0x0x7ff6e47f412e+187694]
	GetHandleVerifier [0x0x7ff6e47fb20f+216591]
	GetHandleVerifier [0x0x7ff6e47e2ee4+117476]
	GetHandleVerifier [0x0x7ff6e47e309f+117919]
	GetHandleVerifier [0x0x7ff6e47c91a8+11688]
	BaseThreadInitThunk [0x0x7ffb169d259d+29]
	RtlUserThreadStart [0x0x7ffb189eaf78+40]
</msg>
<msg time="2025-10-24T18:43:54.538124" level="FAIL">NoSuchWindowException: Message: no such window: target window already closed
from unknown error: web view not found
  (Session info: chrome=141.0.7390.122)
Stacktrace:
	GetHandleVerifier [0x0x7ff6e47d9f25+80677]
	GetHandleVerifier [0x0x7ff6e47d9f80+80768]
	(No symbol) [0x0x7ff6e45802bf]
	(No symbol) [0x0x7ff6e4558041]
	(No symbol) [0x0x7ff6e4608b8e]
	(No symbol) [0x0x7ff6e46292d2]
	(No symbol) [0x0x7ff6e46012e3]
	(No symbol) [0x0x7ff6e45c9770]
	(No symbol) [0x0x7ff6e45ca5a3]
	GetHandleVerifier [0x0x7ff6e4ab817d+3087741]
	GetHandleVerifier [0x0x7ff6e4ab223a+3063354]
	GetHandleVerifier [0x0x7ff6e4ad32c5+3198661]
	GetHandleVerifier [0x0x7ff6e47f412e+187694]
	GetHandleVerifier [0x0x7ff6e47fb20f+216591]
	GetHandleVerifier [0x0x7ff6e47e2ee4+117476]
	GetHandleVerifier [0x0x7ff6e47e309f+117919]
	GetHandleVerifier [0x0x7ff6e47c91a8+11688]
	BaseThreadInitThunk [0x0x7ffb169d259d+29]
	RtlUserThreadStart [0x0x7ffb189eaf78+40]
</msg>
<doc>Takes a screenshot of the current page and embeds it into a log file.</doc>
<status status="FAIL" start="2025-10-24T18:43:50.277290" elapsed="4.323694">NoSuchWindowException: Message: no such window: target window already closed
from unknown error: web view not found
  (Session info: chrome=141.0.7390.122)
Stacktrace:
	GetHandleVerifier [0x0x7ff6e47d9f25+80677]
	GetHandleVerifier [0x0x7ff6e47d9f80+80768]
	(No symbol) [0x0x7ff6e45802bf]
	(No symbol) [0x0x7ff6e4558041]
	(No symbol) [0x0x7ff6e4608b8e]
	(No symbol) [0x0x7ff6e46292d2]
	(No symbol) [0x0x7ff6e46012e3]
	(No symbol) [0x0x7ff6e45c9770]
	(No symbol) [0x0x7ff6e45ca5a3]
	GetHandleVerifier [0x0x7ff6e4ab817d+3087741]
	GetHandleVerifier [0x0x7ff6e4ab223a+3063354]
	GetHandleVerifier [0x0x7ff6e4ad32c5+3198661]
	GetHandleVerifier [0x0x7ff6e47f412e+187694]
	GetHandleVerifier [0x0x7ff6e47fb20f+216591]
	GetHandleVerifier [0x0x7ff6e47e2ee4+117476]
	GetHandleVerifier [0x0x7ff6e47e309f+117919]
	GetHandleVerifier [0x0x7ff6e47c91a8+11688]
	BaseThreadInitThunk [0x0x7ffb169d259d+29]
	RtlUserThreadStart [0x0x7ffb189eaf78+40]
</status>
</kw>
<arg>Capture Page Screenshot</arg>
<doc>Runs the given keyword with the given arguments, if the test failed.</doc>
<status status="FAIL" start="2025-10-24T18:43:50.277290" elapsed="4.323694">NoSuchWindowException: Message: no such window: target window already closed
from unknown error: web view not found
  (Session info: chrome=141.0.7390.122)
Stacktrace:
	GetHandleVerifier [0x0x7ff6e47d9f25+80677]
	GetHandleVerifier [0x0x7ff6e47d9f80+80768]
	(No symbol) [0x0x7ff6e45802bf]
	(No symbol) [0x0x7ff6e4558041]
	(No symbol) [0x0x7ff6e4608b8e]
	(No symbol) [0x0x7ff6e46292d2]
	(No symbol) [0x0x7ff6e46012e3]
	(No symbol) [0x0x7ff6e45c9770]
	(No symbol) [0x0x7ff6e45ca5a3]
	GetHandleVerifier [0x0x7ff6e4ab817d+3087741]
	GetHandleVerifier [0x0x7ff6e4ab223a+3063354]
	GetHandleVerifier [0x0x7ff6e4ad32c5+3198661]
	GetHandleVerifier [0x0x7ff6e47f412e+187694]
	GetHandleVerifier [0x0x7ff6e47fb20f+216591]
	GetHandleVerifier [0x0x7ff6e47e2ee4+117476]
	GetHandleVerifier [0x0x7ff6e47e309f+117919]
	GetHandleVerifier [0x0x7ff6e47c91a8+11688]
	BaseThreadInitThunk [0x0x7ffb169d259d+29]
	RtlUserThreadStart [0x0x7ffb189eaf78+40]
</status>
</kw>
<status status="FAIL" start="2025-10-24T18:43:50.273730" elapsed="4.327254">NoSuchWindowException: Message: no such window: target window already closed
from unknown error: web view not found
  (Session info: chrome=141.0.7390.122)
Stacktrace:
	GetHandleVerifier [0x0x7ff6e47d9f25+80677]
	GetHandleVerifier [0x0x7ff6e47d9f80+80768]
	(No symbol) [0x0x7ff6e45802bf]
	(No symbol) [0x0x7ff6e4558041]
	(No symbol) [0x0x7ff6e4608b8e]
	(No symbol) [0x0x7ff6e46292d2]
	(No symbol) [0x0x7ff6e46012e3]
	(No symbol) [0x0x7ff6e45c9770]
	(No symbol) [0x0x7ff6e45ca5a3]
	GetHandleVerifier [0x0x7ff6e4ab817d+3087741]
	GetHandleVerifier [0x0x7ff6e4ab223a+3063354]
	GetHandleVerifier [0x0x7ff6e4ad32c5+3198661]
	GetHandleVerifier [0x0x7ff6e47f412e+187694]
	GetHandleVerifier [0x0x7ff6e47fb20f+216591]
	GetHandleVerifier [0x0x7ff6e47e2ee4+117476]
	GetHandleVerifier [0x0x7ff6e47e309f+117919]
	GetHandleVerifier [0x0x7ff6e47c91a8+11688]
	BaseThreadInitThunk [0x0x7ffb169d259d+29]
	RtlUserThreadStart [0x0x7ffb189eaf78+40]
</status>
</branch>
<status status="FAIL" start="2025-10-24T18:43:50.273730" elapsed="4.327254">NoSuchWindowException: Message: no such window: target window already closed
from unknown error: web view not found
  (Session info: chrome=141.0.7390.122)
Stacktrace:
	GetHandleVerifier [0x0x7ff6e47d9f25+80677]
	GetHandleVerifier [0x0x7ff6e47d9f80+80768]
	(No symbol) [0x0x7ff6e45802bf]
	(No symbol) [0x0x7ff6e4558041]
	(No symbol) [0x0x7ff6e4608b8e]
	(No symbol) [0x0x7ff6e46292d2]
	(No symbol) [0x0x7ff6e46012e3]
	(No symbol) [0x0x7ff6e45c9770]
	(No symbol) [0x0x7ff6e45ca5a3]
	GetHandleVerifier [0x0x7ff6e4ab817d+3087741]
	GetHandleVerifier [0x0x7ff6e4ab223a+3063354]
	GetHandleVerifier [0x0x7ff6e4ad32c5+3198661]
	GetHandleVerifier [0x0x7ff6e47f412e+187694]
	GetHandleVerifier [0x0x7ff6e47fb20f+216591]
	GetHandleVerifier [0x0x7ff6e47e2ee4+117476]
	GetHandleVerifier [0x0x7ff6e47e309f+117919]
	GetHandleVerifier [0x0x7ff6e47c91a8+11688]
	BaseThreadInitThunk [0x0x7ffb169d259d+29]
	RtlUserThreadStart [0x0x7ffb189eaf78+40]
</status>
</if>
<if>
<branch type="IF" condition="'${sauce_execution_flag}'=='True'">
<kw name="Run Keyword If Test Passed" owner="BuiltIn">
<arg>Execute Javascript</arg>
<arg>sauce:job-result=passed</arg>
<doc>Runs the given keyword with the given arguments, if the test passed.</doc>
<status status="NOT RUN" start="2025-10-24T18:43:54.600984" elapsed="0.000000"/>
</kw>
<kw name="Run Keyword If Test Failed" owner="BuiltIn">
<arg>Execute Javascript</arg>
<arg>sauce:job-result=failed</arg>
<doc>Runs the given keyword with the given arguments, if the test failed.</doc>
<status status="NOT RUN" start="2025-10-24T18:43:54.600984" elapsed="0.000000"/>
</kw>
<kw name="Close Browser" owner="Selenium2Library">
<doc>Closes the current browser.</doc>
<status status="NOT RUN" start="2025-10-24T18:43:54.605015" elapsed="0.000000"/>
</kw>
<status status="NOT RUN" start="2025-10-24T18:43:54.600984" elapsed="0.004031"/>
</branch>
<status status="PASS" start="2025-10-24T18:43:54.600984" elapsed="0.004031"/>
</if>
<status status="FAIL" start="2025-10-24T18:43:50.273730" elapsed="4.331285">NoSuchWindowException: Message: no such window: target window already closed
from unknown error: web view not found
  (Session info: chrome=141.0.7390.122)
Stacktrace:
	GetHandleVerifier [0x0x7ff6e47d9f25+80677]
	GetHandleVerifier [0x0x7ff6e47d9f80+80768]
	(No symbol) [0x0x7ff6e45802bf]
	(No symbol) [0x0x7ff6e4558041]
	(No symbol) [0x0x7ff6e4608b8e]
	(No symbol) [0x0x7ff6e46292d2]
	(No symbol) [0x0x7ff6e46012e3]
	(No symbol) [0x0x7ff6e45c9770]
	(No symbol) [0x0x7ff6e45ca5a3]
	GetHandleVerifier [0x0x7ff6e4ab817d+3087741]
	GetHandleVerifier [0x0x7ff6e4ab223a+3063354]
	GetHandleVerifier [0x0x7ff6e4ad32c5+3198661]
	GetHandleVerifier [0x0x7ff6e47f412e+187694]
	GetHandleVerifier [0x0x7ff6e47fb20f+216591]
	GetHandleVerifier [0x0x7ff6e47e2ee4+117476]
	GetHandleVerifier [0x0x7ff6e47e309f+117919]
	GetHandleVerifier [0x0x7ff6e47c91a8+11688]
	BaseThreadInitThunk [0x0x7ffb169d259d+29]
	RtlUserThreadStart [0x0x7ffb189eaf78+40]
</status>
</kw>
<tag>BoardOrderTestCase</tag>
<tag>ModifyData</tag>
<status status="FAIL" start="2025-10-24T18:37:57.746356" elapsed="356.861014">AttributeError: 'NoneType' object has no attribute 'encode'

Also teardown failed:
NoSuchWindowException: Message: no such window: target window already closed
from unknown error: web view not found
  (Session info: chrome=141.0.7390.122)
Stacktrace:
	GetHandleVerifier [0x0x7ff6e47d9f25+80677]
	GetHandleVerifier [0x0x7ff6e47d9f80+80768]
	(No symbol) [0x0x7ff6e45802bf]
	(No symbol) [0x0x7ff6e4558041]
	(No symbol) [0x0x7ff6e4608b8e]
	(No symbol) [0x0x7ff6e46292d2]
	(No symbol) [0x0x7ff6e46012e3]
	(No symbol) [0x0x7ff6e45c9770]
	(No symbol) [0x0x7ff6e45ca5a3]
	GetHandleVerifier [0x0x7ff6e4ab817d+3087741]
	GetHandleVerifier [0x0x7ff6e4ab223a+3063354]
	GetHandleVerifier [0x0x7ff6e4ad32c5+3198661]
	GetHandleVerifier [0x0x7ff6e47f412e+187694]
	GetHandleVerifier [0x0x7ff6e47fb20f+216591]
	GetHandleVerifier [0x0x7ff6e47e2ee4+117476]
	GetHandleVerifier [0x0x7ff6e47e309f+117919]
	GetHandleVerifier [0x0x7ff6e47c91a8+11688]
	BaseThreadInitThunk [0x0x7ffb169d259d+29]
	RtlUserThreadStart [0x0x7ffb189eaf78+40]
</status>
</test>
<kw name="After Suite" owner="SetupAndTeardown" type="TEARDOWN">
<kw name="End Web Test" owner="CommonKeywords">
<kw name="Close All Browsers" owner="Selenium2Library">
<doc>Closes all open browsers and resets the browser cache.</doc>
<status status="PASS" start="2025-10-24T18:43:54.625857" elapsed="6.674797"/>
</kw>
<status status="PASS" start="2025-10-24T18:43:54.623924" elapsed="6.677249"/>
</kw>
<status status="PASS" start="2025-10-24T18:43:54.615603" elapsed="6.686118"/>
</kw>
<status status="FAIL" start="2025-10-24T18:37:16.479999" elapsed="404.821722"/>
</suite>
<statistics>
<total>
<stat pass="0" fail="1" skip="0">All Tests</stat>
</total>
<tag>
<stat pass="0" fail="1" skip="0">BoardOrderTestCase</stat>
<stat pass="0" fail="1" skip="0">ModifyData</stat>
</tag>
<suite>
<stat name="Unifier TC017 00 Create A Board Order" id="s1" pass="0" fail="1" skip="0">Unifier TC017 00 Create A Board Order</stat>
</suite>
</statistics>
<errors>
<msg time="2025-10-24T18:43:50.070473" level="WARN">Keyword 'Capture Page Screenshot' could not be run on failure: Message: no such window: target window already closed
from unknown error: web view not found
  (Session info: chrome=141.0.7390.122)
Stacktrace:
	GetHandleVerifier [0x0x7ff6e47d9f25+80677]
	GetHandleVerifier [0x0x7ff6e47d9f80+80768]
	(No symbol) [0x0x7ff6e45802bf]
	(No symbol) [0x0x7ff6e4558041]
	(No symbol) [0x0x7ff6e4608b8e]
	(No symbol) [0x0x7ff6e46292d2]
	(No symbol) [0x0x7ff6e46012e3]
	(No symbol) [0x0x7ff6e45c9770]
	(No symbol) [0x0x7ff6e45ca5a3]
	GetHandleVerifier [0x0x7ff6e4ab817d+3087741]
	GetHandleVerifier [0x0x7ff6e4ab223a+3063354]
	GetHandleVerifier [0x0x7ff6e4ad32c5+3198661]
	GetHandleVerifier [0x0x7ff6e47f412e+187694]
	GetHandleVerifier [0x0x7ff6e47fb20f+216591]
	GetHandleVerifier [0x0x7ff6e47e2ee4+117476]
	GetHandleVerifier [0x0x7ff6e47e309f+117919]
	GetHandleVerifier [0x0x7ff6e47c91a8+11688]
	BaseThreadInitThunk [0x0x7ffb169d259d+29]
	RtlUserThreadStart [0x0x7ffb189eaf78+40]
</msg>
<msg time="2025-10-24T18:43:54.529481" level="WARN">Keyword 'Capture Page Screenshot' could not be run on failure: Message: no such window: target window already closed
from unknown error: web view not found
  (Session info: chrome=141.0.7390.122)
Stacktrace:
	GetHandleVerifier [0x0x7ff6e47d9f25+80677]
	GetHandleVerifier [0x0x7ff6e47d9f80+80768]
	(No symbol) [0x0x7ff6e45802bf]
	(No symbol) [0x0x7ff6e4558041]
	(No symbol) [0x0x7ff6e4608b8e]
	(No symbol) [0x0x7ff6e46292d2]
	(No symbol) [0x0x7ff6e46012e3]
	(No symbol) [0x0x7ff6e45c9770]
	(No symbol) [0x0x7ff6e45ca5a3]
	GetHandleVerifier [0x0x7ff6e4ab817d+3087741]
	GetHandleVerifier [0x0x7ff6e4ab223a+3063354]
	GetHandleVerifier [0x0x7ff6e4ad32c5+3198661]
	GetHandleVerifier [0x0x7ff6e47f412e+187694]
	GetHandleVerifier [0x0x7ff6e47fb20f+216591]
	GetHandleVerifier [0x0x7ff6e47e2ee4+117476]
	GetHandleVerifier [0x0x7ff6e47e309f+117919]
	GetHandleVerifier [0x0x7ff6e47c91a8+11688]
	BaseThreadInitThunk [0x0x7ffb169d259d+29]
	RtlUserThreadStart [0x0x7ffb189eaf78+40]
</msg>
</errors>
</robot>
